1649086370024	geckodriver	INFO	Listening on 127.0.0.1:51292
1649086373006	mozrunner::runner	INFO	Running command: "C:\\Program Files (x86)\\Mozilla Firefox\\firefox.exe" "--marionette" "--remote-debugging-port" "51293" "-no-remote" "-profile" "C:\\Users\\DCL\\AppData\\Local\\Temp\\rust_mozprofile22yHTE"
1649086390227	Marionette	INFO	Marionette enabled
console.warn: SearchSettings: "get: No settings file exists, new profile?" (new NotFoundError("Could not open the file at C:\\Users\\DCL\\AppData\\Local\\Temp\\rust_mozprofile22yHTE\\search.json.mozlz4", (void 0)))
console.error: Region.jsm: "Error fetching region" (new Error("TIMEOUT", "resource://gre/modules/Region.jsm", 772))
console.error: Region.jsm: "Failed to fetch region" (new Error("TIMEOUT", "resource://gre/modules/Region.jsm", 419))
DevTools listening on ws://localhost:51293/devtools/browser/cc39698c-b729-4f8f-ac77-cec0ef9e4df0
1649086427594	Marionette	INFO	Listening on port 51298
1649086428162	RemoteAgent	WARN	TLS certificate errors will be ignored for this session
1649086583145	Marionette	INFO	Stopped listening on port 51298
console.warn: TopSitesFeed: Failed to fetch data from Contile server: NetworkError when attempting to fetch resource.
e" "--remote-debugging-port" "51391" "-no-remote" "-profile" "C:\\Users\\DCL\\AppData\\Local\\Temp\\rust_mozprofileNK2ta6"
1649086555666	Marionette	INFO	Marionette enabled
console.warn: SearchSettings: "get: No settings file exists, new profile?" (new NotFoundError("Could not open the file at C:\\Users\\DCL\\AppData\\Local\\Temp\\rust_mozprofileNK2ta6\\search.json.mozlz4", (void 0)))
DevTools listening on ws://localhost:51391/devtools/browser/74d743b1-31fa-4d7f-a5b4-f5a27c3f46d0
1649086567305	Marionette	INFO	Listening on port 51396
console.error: Region.jsm: "Error fetching region" (new Error("TIMEOUT", "resource://gre/modules/Region.jsm", 772))
console.error: Region.jsm: "Failed to fetch region" (new Error("TIMEOUT", "resource://gre/modules/Region.jsm", 419))
1649086567963	RemoteAgent	WARN	TLS certificate errors will be ignored for this session
1649086580333	Marionette	INFO	Stopped listening on port 51396
[Parent 9548, IPC I/O Parent] WARNING: file /builds/worker/checkouts/gecko/ipc/chromium/src/base/process_util_win.cc:167
[Parent 9548, IPC I/O Parent] WARNING: file /builds/worker/checkouts/gecko/ipc/chromium/src/base/process_util_win.cc:167
console.warn: TopSitesFeed: Failed to fetch data from Contile server: NetworkError when attempting to fetch resource.

###!!! [Parent][PGPUParent] Error: RunMessage(msgname=PGPU::Msg_ShutdownVR) Channel closing: too late to send/recv, messages will be lost

1649086627698	geckodriver	INFO	Listening on 127.0.0.1:51457
1649086630845	mozrunner::runner	INFO	Running command: "C:\\Program Files (x86)\\Mozilla Firefox\\firefox.exe" "--marionette" "--remote-debugging-port" "51458" "-no-remote" "-profile" "C:\\Users\\DCL\\AppData\\Local\\Temp\\rust_mozprofilePsu5AP"
1649086631787	Marionette	INFO	Marionette enabled
console.warn: SearchSettings: "get: No settings file exists, new profile?" (new NotFoundError("Could not open the file at C:\\Users\\DCL\\AppData\\Local\\Temp\\rust_mozprofilePsu5AP\\search.json.mozlz4", (void 0)))
DevTools listening on ws://localhost:51458/devtools/browser/f1310fad-cd31-479f-b1d7-2c383033eadc
1649086638498	Marionette	INFO	Listening on port 51463
1649086638789	RemoteAgent	WARN	TLS certificate errors will be ignored for this session
1649086704164	Marionette	INFO	Stopped listening on port 51463
console.warn: TopSitesFeed: Failed to fetch data from Contile server: NetworkError when attempting to fetch resource.
